{"/Users/ashwathama/Documents/PersonalWorkspace/Codes/ReactNative/Nine25_Test/isBusinessDay/App.js": {"path":"/Users/ashwathama/Documents/PersonalWorkspace/Codes/ReactNative/Nine25_Test/isBusinessDay/App.js","statementMap":{"0":{"start":{"line":8,"column":12},"end":{"line":16,"column":1}},"1":{"start":{"line":9,"column":1},"end":{"line":15,"column":2}},"2":{"start":{"line":20,"column":15},"end":{"line":25,"column":2}}},"fnMap":{"0":{"name":"(anonymous_0)","decl":{"start":{"line":8,"column":12},"end":{"line":8,"column":13}},"loc":{"start":{"line":8,"column":18},"end":{"line":16,"column":1}},"line":8}},"branchMap":{"0":{"loc":{"start":{"line":11,"column":4},"end":{"line":11,"column":61}},"type":"binary-expr","locations":[{"start":{"line":11,"column":4},"end":{"line":11,"column":25}},{"start":{"line":11,"column":29},"end":{"line":11,"column":61}}],"line":11}},"s":{"0":1,"1":1,"2":1},"f":{"0":1},"b":{"0":[1,1]},"_coverageSchema":"1a1c01bbd47fc00a2c39e90264f33305004495a9","hash":"8e2b3a6d4a946be349be41edd87b3074dc7b6dcc"}
,"/Users/ashwathama/Documents/PersonalWorkspace/Codes/ReactNative/Nine25_Test/isBusinessDay/src/components/businessLogic.js": {"path":"/Users/ashwathama/Documents/PersonalWorkspace/Codes/ReactNative/Nine25_Test/isBusinessDay/src/components/businessLogic.js","statementMap":{"0":{"start":{"line":5,"column":17},"end":{"line":5,"column":63}},"1":{"start":{"line":6,"column":16},"end":{"line":6,"column":20}},"2":{"start":{"line":8,"column":25},"end":{"line":28,"column":1}},"3":{"start":{"line":9,"column":4},"end":{"line":27,"column":5}},"4":{"start":{"line":10,"column":8},"end":{"line":12,"column":9}},"5":{"start":{"line":11,"column":12},"end":{"line":11,"column":29}},"6":{"start":{"line":13,"column":24},"end":{"line":13,"column":39}},"7":{"start":{"line":14,"column":8},"end":{"line":22,"column":9}},"8":{"start":{"line":15,"column":12},"end":{"line":15,"column":67}},"9":{"start":{"line":17,"column":13},"end":{"line":22,"column":9}},"10":{"start":{"line":18,"column":12},"end":{"line":18,"column":67}},"11":{"start":{"line":21,"column":12},"end":{"line":21,"column":45}},"12":{"start":{"line":23,"column":8},"end":{"line":23,"column":35}},"13":{"start":{"line":25,"column":8},"end":{"line":25,"column":68}},"14":{"start":{"line":26,"column":8},"end":{"line":26,"column":21}},"15":{"start":{"line":30,"column":25},"end":{"line":50,"column":1}},"16":{"start":{"line":31,"column":4},"end":{"line":49,"column":5}},"17":{"start":{"line":32,"column":8},"end":{"line":34,"column":9}},"18":{"start":{"line":33,"column":12},"end":{"line":33,"column":29}},"19":{"start":{"line":35,"column":24},"end":{"line":35,"column":39}},"20":{"start":{"line":36,"column":8},"end":{"line":44,"column":9}},"21":{"start":{"line":37,"column":12},"end":{"line":37,"column":67}},"22":{"start":{"line":39,"column":13},"end":{"line":44,"column":9}},"23":{"start":{"line":40,"column":12},"end":{"line":40,"column":67}},"24":{"start":{"line":43,"column":12},"end":{"line":43,"column":67}},"25":{"start":{"line":45,"column":8},"end":{"line":45,"column":35}},"26":{"start":{"line":47,"column":8},"end":{"line":47,"column":75}},"27":{"start":{"line":48,"column":8},"end":{"line":48,"column":21}},"28":{"start":{"line":52,"column":32},"end":{"line":69,"column":1}},"29":{"start":{"line":53,"column":4},"end":{"line":68,"column":5}},"30":{"start":{"line":54,"column":8},"end":{"line":56,"column":9}},"31":{"start":{"line":55,"column":12},"end":{"line":55,"column":29}},"32":{"start":{"line":57,"column":32},"end":{"line":57,"column":47}},"33":{"start":{"line":58,"column":8},"end":{"line":58,"column":95}},"34":{"start":{"line":60,"column":27},"end":{"line":60,"column":47}},"35":{"start":{"line":61,"column":8},"end":{"line":61,"column":76}},"36":{"start":{"line":63,"column":28},"end":{"line":63,"column":47}},"37":{"start":{"line":65,"column":8},"end":{"line":65,"column":84}},"38":{"start":{"line":67,"column":8},"end":{"line":67,"column":21}},"39":{"start":{"line":71,"column":36},"end":{"line":83,"column":1}},"40":{"start":{"line":72,"column":4},"end":{"line":82,"column":5}},"41":{"start":{"line":73,"column":8},"end":{"line":75,"column":9}},"42":{"start":{"line":74,"column":12},"end":{"line":74,"column":29}},"43":{"start":{"line":76,"column":34},"end":{"line":76,"column":49}},"44":{"start":{"line":77,"column":29},"end":{"line":77,"column":49}},"45":{"start":{"line":78,"column":28},"end":{"line":78,"column":47}},"46":{"start":{"line":79,"column":8},"end":{"line":79,"column":73}},"47":{"start":{"line":81,"column":8},"end":{"line":81,"column":21}},"48":{"start":{"line":85,"column":34},"end":{"line":107,"column":1}},"49":{"start":{"line":86,"column":4},"end":{"line":106,"column":5}},"50":{"start":{"line":87,"column":8},"end":{"line":89,"column":9}},"51":{"start":{"line":88,"column":12},"end":{"line":88,"column":29}},"52":{"start":{"line":90,"column":18},"end":{"line":90,"column":22}},"53":{"start":{"line":91,"column":20},"end":{"line":91,"column":52}},"54":{"start":{"line":92,"column":8},"end":{"line":101,"column":11}},"55":{"start":{"line":98,"column":12},"end":{"line":98,"column":27}},"56":{"start":{"line":100,"column":12},"end":{"line":100,"column":40}},"57":{"start":{"line":102,"column":8},"end":{"line":102,"column":19}},"58":{"start":{"line":104,"column":8},"end":{"line":104,"column":68}},"59":{"start":{"line":105,"column":8},"end":{"line":105,"column":21}}},"fnMap":{"0":{"name":"(anonymous_0)","decl":{"start":{"line":8,"column":25},"end":{"line":8,"column":26}},"loc":{"start":{"line":8,"column":36},"end":{"line":28,"column":1}},"line":8},"1":{"name":"(anonymous_1)","decl":{"start":{"line":30,"column":25},"end":{"line":30,"column":26}},"loc":{"start":{"line":30,"column":36},"end":{"line":50,"column":1}},"line":30},"2":{"name":"(anonymous_2)","decl":{"start":{"line":52,"column":32},"end":{"line":52,"column":33}},"loc":{"start":{"line":52,"column":43},"end":{"line":69,"column":1}},"line":52},"3":{"name":"(anonymous_3)","decl":{"start":{"line":71,"column":36},"end":{"line":71,"column":37}},"loc":{"start":{"line":71,"column":47},"end":{"line":83,"column":1}},"line":71},"4":{"name":"(anonymous_4)","decl":{"start":{"line":85,"column":34},"end":{"line":85,"column":35}},"loc":{"start":{"line":85,"column":51},"end":{"line":107,"column":1}},"line":85},"5":{"name":"(anonymous_5)","decl":{"start":{"line":97,"column":14},"end":{"line":97,"column":15}},"loc":{"start":{"line":97,"column":26},"end":{"line":99,"column":9}},"line":97},"6":{"name":"(anonymous_6)","decl":{"start":{"line":99,"column":17},"end":{"line":99,"column":18}},"loc":{"start":{"line":99,"column":26},"end":{"line":101,"column":9}},"line":99}},"branchMap":{"0":{"loc":{"start":{"line":10,"column":8},"end":{"line":12,"column":9}},"type":"if","locations":[{"start":{"line":10,"column":8},"end":{"line":12,"column":9}},{"start":{},"end":{}}],"line":10},"1":{"loc":{"start":{"line":14,"column":8},"end":{"line":22,"column":9}},"type":"if","locations":[{"start":{"line":14,"column":8},"end":{"line":22,"column":9}},{"start":{"line":17,"column":13},"end":{"line":22,"column":9}}],"line":14},"2":{"loc":{"start":{"line":17,"column":13},"end":{"line":22,"column":9}},"type":"if","locations":[{"start":{"line":17,"column":13},"end":{"line":22,"column":9}},{"start":{"line":20,"column":13},"end":{"line":22,"column":9}}],"line":17},"3":{"loc":{"start":{"line":32,"column":8},"end":{"line":34,"column":9}},"type":"if","locations":[{"start":{"line":32,"column":8},"end":{"line":34,"column":9}},{"start":{},"end":{}}],"line":32},"4":{"loc":{"start":{"line":36,"column":8},"end":{"line":44,"column":9}},"type":"if","locations":[{"start":{"line":36,"column":8},"end":{"line":44,"column":9}},{"start":{"line":39,"column":13},"end":{"line":44,"column":9}}],"line":36},"5":{"loc":{"start":{"line":39,"column":13},"end":{"line":44,"column":9}},"type":"if","locations":[{"start":{"line":39,"column":13},"end":{"line":44,"column":9}},{"start":{"line":42,"column":13},"end":{"line":44,"column":9}}],"line":39},"6":{"loc":{"start":{"line":54,"column":8},"end":{"line":56,"column":9}},"type":"if","locations":[{"start":{"line":54,"column":8},"end":{"line":56,"column":9}},{"start":{},"end":{}}],"line":54},"7":{"loc":{"start":{"line":58,"column":8},"end":{"line":58,"column":95}},"type":"cond-expr","locations":[{"start":{"line":58,"column":32},"end":{"line":58,"column":75}},{"start":{"line":58,"column":78},"end":{"line":58,"column":95}}],"line":58},"8":{"loc":{"start":{"line":61,"column":8},"end":{"line":61,"column":76}},"type":"cond-expr","locations":[{"start":{"line":61,"column":28},"end":{"line":61,"column":61}},{"start":{"line":61,"column":64},"end":{"line":61,"column":76}}],"line":61},"9":{"loc":{"start":{"line":73,"column":8},"end":{"line":75,"column":9}},"type":"if","locations":[{"start":{"line":73,"column":8},"end":{"line":75,"column":9}},{"start":{},"end":{}}],"line":73},"10":{"loc":{"start":{"line":87,"column":8},"end":{"line":89,"column":9}},"type":"if","locations":[{"start":{"line":87,"column":8},"end":{"line":89,"column":9}},{"start":{},"end":{}}],"line":87}},"s":{"0":1,"1":1,"2":1,"3":3,"4":3,"5":1,"6":2,"7":2,"8":1,"9":1,"10":0,"11":1,"12":2,"13":0,"14":0,"15":1,"16":3,"17":3,"18":1,"19":2,"20":2,"21":1,"22":1,"23":0,"24":1,"25":2,"26":0,"27":0,"28":1,"29":2,"30":2,"31":1,"32":1,"33":1,"34":1,"35":1,"36":1,"37":1,"38":0,"39":1,"40":2,"41":2,"42":1,"43":1,"44":1,"45":1,"46":1,"47":0,"48":1,"49":2,"50":2,"51":1,"52":1,"53":1,"54":1,"55":1,"56":0,"57":1,"58":0,"59":0},"f":{"0":3,"1":3,"2":2,"3":2,"4":2,"5":1,"6":0},"b":{"0":[1,2],"1":[1,1],"2":[0,1],"3":[1,2],"4":[1,1],"5":[0,1],"6":[1,1],"7":[1,0],"8":[1,0],"9":[1,1],"10":[1,1]},"_coverageSchema":"1a1c01bbd47fc00a2c39e90264f33305004495a9","hash":"53a326215dcd9f9efa197e5749c34a17b33861ac"}
,"/Users/ashwathama/Documents/PersonalWorkspace/Codes/ReactNative/Nine25_Test/isBusinessDay/src/constants/Colors.js": {"path":"/Users/ashwathama/Documents/PersonalWorkspace/Codes/ReactNative/Nine25_Test/isBusinessDay/src/constants/Colors.js","statementMap":{},"fnMap":{},"branchMap":{},"s":{},"f":{},"b":{},"_coverageSchema":"1a1c01bbd47fc00a2c39e90264f33305004495a9","hash":"d7480d6c173bf69fea295ecee2d0bced43eab4da"}
,"/Users/ashwathama/Documents/PersonalWorkspace/Codes/ReactNative/Nine25_Test/isBusinessDay/src/navigation/AppNavigator.js": {"path":"/Users/ashwathama/Documents/PersonalWorkspace/Codes/ReactNative/Nine25_Test/isBusinessDay/src/navigation/AppNavigator.js","statementMap":{"0":{"start":{"line":9,"column":24},"end":{"line":9,"column":46}},"1":{"start":{"line":11,"column":21},"end":{"line":47,"column":1}},"2":{"start":{"line":13,"column":34},"end":{"line":40,"column":5}},"3":{"start":{"line":14,"column":8},"end":{"line":39,"column":36}},"4":{"start":{"line":20,"column":32},"end":{"line":26,"column":17}},"5":{"start":{"line":31,"column":32},"end":{"line":37,"column":17}},"6":{"start":{"line":42,"column":4},"end":{"line":46,"column":6}}},"fnMap":{"0":{"name":"(anonymous_0)","decl":{"start":{"line":11,"column":21},"end":{"line":11,"column":22}},"loc":{"start":{"line":11,"column":27},"end":{"line":47,"column":1}},"line":11},"1":{"name":"(anonymous_1)","decl":{"start":{"line":13,"column":34},"end":{"line":13,"column":35}},"loc":{"start":{"line":14,"column":8},"end":{"line":39,"column":36}},"line":14},"2":{"name":"(anonymous_2)","decl":{"start":{"line":20,"column":25},"end":{"line":20,"column":26}},"loc":{"start":{"line":20,"column":32},"end":{"line":26,"column":17}},"line":20},"3":{"name":"(anonymous_3)","decl":{"start":{"line":31,"column":25},"end":{"line":31,"column":26}},"loc":{"start":{"line":31,"column":32},"end":{"line":37,"column":17}},"line":31}},"branchMap":{},"s":{"0":1,"1":1,"2":1,"3":1,"4":1,"5":0,"6":1},"f":{"0":1,"1":1,"2":1,"3":0},"b":{},"_coverageSchema":"1a1c01bbd47fc00a2c39e90264f33305004495a9","hash":"c82a0c42f0312eb91da2e50e8b7eaa8f839dc395"}
,"/Users/ashwathama/Documents/PersonalWorkspace/Codes/ReactNative/Nine25_Test/isBusinessDay/src/screens/EnterDateScreen.js": {"path":"/Users/ashwathama/Documents/PersonalWorkspace/Codes/ReactNative/Nine25_Test/isBusinessDay/src/screens/EnterDateScreen.js","statementMap":{"0":{"start":{"line":11,"column":18},"end":{"line":11,"column":42}},"1":{"start":{"line":13,"column":24},"end":{"line":191,"column":1}},"2":{"start":{"line":14,"column":38},"end":{"line":14,"column":59}},"3":{"start":{"line":15,"column":48},"end":{"line":15,"column":69}},"4":{"start":{"line":16,"column":42},"end":{"line":16,"column":62}},"5":{"start":{"line":17,"column":28},"end":{"line":17,"column":54}},"6":{"start":{"line":19,"column":30},"end":{"line":42,"column":5}},"7":{"start":{"line":20,"column":8},"end":{"line":41,"column":9}},"8":{"start":{"line":21,"column":12},"end":{"line":40,"column":31}},"9":{"start":{"line":22,"column":16},"end":{"line":39,"column":18}},"10":{"start":{"line":31,"column":28},"end":{"line":31,"column":53}},"11":{"start":{"line":32,"column":28},"end":{"line":35,"column":29}},"12":{"start":{"line":33,"column":32},"end":{"line":33,"column":43}},"13":{"start":{"line":34,"column":32},"end":{"line":34,"column":64}},"14":{"start":{"line":40,"column":19},"end":{"line":40,"column":31}},"15":{"start":{"line":44,"column":23},"end":{"line":87,"column":13}},"16":{"start":{"line":45,"column":8},"end":{"line":86,"column":9}},"17":{"start":{"line":46,"column":30},"end":{"line":46,"column":34}},"18":{"start":{"line":47,"column":28},"end":{"line":47,"column":48}},"19":{"start":{"line":48,"column":28},"end":{"line":48,"column":53}},"20":{"start":{"line":49,"column":32},"end":{"line":49,"column":79}},"21":{"start":{"line":50,"column":30},"end":{"line":50,"column":34}},"22":{"start":{"line":51,"column":12},"end":{"line":80,"column":13}},"23":{"start":{"line":52,"column":16},"end":{"line":69,"column":19}},"24":{"start":{"line":53,"column":33},"end":{"line":53,"column":83}},"25":{"start":{"line":54,"column":20},"end":{"line":67,"column":21}},"26":{"start":{"line":55,"column":24},"end":{"line":55,"column":57}},"27":{"start":{"line":56,"column":24},"end":{"line":58,"column":25}},"28":{"start":{"line":57,"column":28},"end":{"line":57,"column":52}},"29":{"start":{"line":60,"column":25},"end":{"line":67,"column":21}},"30":{"start":{"line":61,"column":24},"end":{"line":63,"column":25}},"31":{"start":{"line":62,"column":28},"end":{"line":62,"column":52}},"32":{"start":{"line":66,"column":24},"end":{"line":66,"column":48}},"33":{"start":{"line":70,"column":19},"end":{"line":80,"column":13}},"34":{"start":{"line":71,"column":16},"end":{"line":71,"column":40}},"35":{"start":{"line":73,"column":16},"end":{"line":79,"column":19}},"36":{"start":{"line":81,"column":12},"end":{"line":83,"column":13}},"37":{"start":{"line":82,"column":16},"end":{"line":82,"column":105}},"38":{"start":{"line":85,"column":12},"end":{"line":85,"column":69}},"39":{"start":{"line":89,"column":33},"end":{"line":123,"column":5}},"40":{"start":{"line":90,"column":8},"end":{"line":122,"column":9}},"41":{"start":{"line":91,"column":12},"end":{"line":91,"column":30}},"42":{"start":{"line":92,"column":12},"end":{"line":117,"column":13}},"43":{"start":{"line":94,"column":16},"end":{"line":94,"column":29}},"44":{"start":{"line":95,"column":16},"end":{"line":107,"column":17}},"45":{"start":{"line":97,"column":20},"end":{"line":103,"column":23}},"46":{"start":{"line":106,"column":20},"end":{"line":106,"column":33}},"47":{"start":{"line":110,"column":16},"end":{"line":116,"column":19}},"48":{"start":{"line":118,"column":12},"end":{"line":118,"column":32}},"49":{"start":{"line":120,"column":12},"end":{"line":120,"column":32}},"50":{"start":{"line":121,"column":12},"end":{"line":121,"column":79}},"51":{"start":{"line":125,"column":4},"end":{"line":190,"column":5}},"52":{"start":{"line":150,"column":36},"end":{"line":150,"column":47}},"53":{"start":{"line":151,"column":36},"end":{"line":151,"column":69}},"54":{"start":{"line":159,"column":45},"end":{"line":159,"column":68}},"55":{"start":{"line":174,"column":39},"end":{"line":174,"column":61}},"56":{"start":{"line":195,"column":15},"end":{"line":275,"column":2}}},"fnMap":{"0":{"name":"(anonymous_0)","decl":{"start":{"line":13,"column":24},"end":{"line":13,"column":25}},"loc":{"start":{"line":13,"column":42},"end":{"line":191,"column":1}},"line":13},"1":{"name":"(anonymous_1)","decl":{"start":{"line":19,"column":30},"end":{"line":19,"column":31}},"loc":{"start":{"line":19,"column":35},"end":{"line":42,"column":5}},"line":19},"2":{"name":"(anonymous_2)","decl":{"start":{"line":30,"column":35},"end":{"line":30,"column":36}},"loc":{"start":{"line":30,"column":51},"end":{"line":36,"column":25}},"line":30},"3":{"name":"(anonymous_3)","decl":{"start":{"line":44,"column":41},"end":{"line":44,"column":42}},"loc":{"start":{"line":44,"column":51},"end":{"line":87,"column":5}},"line":44},"4":{"name":"(anonymous_4)","decl":{"start":{"line":52,"column":39},"end":{"line":52,"column":40}},"loc":{"start":{"line":52,"column":55},"end":{"line":69,"column":17}},"line":52},"5":{"name":"(anonymous_5)","decl":{"start":{"line":89,"column":33},"end":{"line":89,"column":34}},"loc":{"start":{"line":89,"column":39},"end":{"line":123,"column":5}},"line":89},"6":{"name":"(anonymous_6)","decl":{"start":{"line":148,"column":43},"end":{"line":148,"column":44}},"loc":{"start":{"line":148,"column":59},"end":{"line":152,"column":33}},"line":148},"7":{"name":"(anonymous_7)","decl":{"start":{"line":159,"column":41},"end":{"line":159,"column":42}},"loc":{"start":{"line":159,"column":45},"end":{"line":159,"column":68}},"line":159},"8":{"name":"(anonymous_8)","decl":{"start":{"line":174,"column":33},"end":{"line":174,"column":34}},"loc":{"start":{"line":174,"column":39},"end":{"line":174,"column":61}},"line":174}},"branchMap":{"0":{"loc":{"start":{"line":20,"column":8},"end":{"line":41,"column":9}},"type":"if","locations":[{"start":{"line":20,"column":8},"end":{"line":41,"column":9}},{"start":{},"end":{}}],"line":20},"1":{"loc":{"start":{"line":21,"column":12},"end":{"line":40,"column":31}},"type":"if","locations":[{"start":{"line":21,"column":12},"end":{"line":40,"column":31}},{"start":{"line":40,"column":19},"end":{"line":40,"column":31}}],"line":21},"2":{"loc":{"start":{"line":32,"column":28},"end":{"line":35,"column":29}},"type":"if","locations":[{"start":{"line":32,"column":28},"end":{"line":35,"column":29}},{"start":{},"end":{}}],"line":32},"3":{"loc":{"start":{"line":51,"column":12},"end":{"line":80,"column":13}},"type":"if","locations":[{"start":{"line":51,"column":12},"end":{"line":80,"column":13}},{"start":{"line":70,"column":19},"end":{"line":80,"column":13}}],"line":51},"4":{"loc":{"start":{"line":54,"column":20},"end":{"line":67,"column":21}},"type":"if","locations":[{"start":{"line":54,"column":20},"end":{"line":67,"column":21}},{"start":{"line":60,"column":25},"end":{"line":67,"column":21}}],"line":54},"5":{"loc":{"start":{"line":56,"column":24},"end":{"line":58,"column":25}},"type":"if","locations":[{"start":{"line":56,"column":24},"end":{"line":58,"column":25}},{"start":{},"end":{}}],"line":56},"6":{"loc":{"start":{"line":60,"column":25},"end":{"line":67,"column":21}},"type":"if","locations":[{"start":{"line":60,"column":25},"end":{"line":67,"column":21}},{"start":{"line":65,"column":25},"end":{"line":67,"column":21}}],"line":60},"7":{"loc":{"start":{"line":61,"column":24},"end":{"line":63,"column":25}},"type":"if","locations":[{"start":{"line":61,"column":24},"end":{"line":63,"column":25}},{"start":{},"end":{}}],"line":61},"8":{"loc":{"start":{"line":70,"column":19},"end":{"line":80,"column":13}},"type":"if","locations":[{"start":{"line":70,"column":19},"end":{"line":80,"column":13}},{"start":{"line":72,"column":19},"end":{"line":80,"column":13}}],"line":70},"9":{"loc":{"start":{"line":81,"column":12},"end":{"line":83,"column":13}},"type":"if","locations":[{"start":{"line":81,"column":12},"end":{"line":83,"column":13}},{"start":{},"end":{}}],"line":81},"10":{"loc":{"start":{"line":81,"column":15},"end":{"line":81,"column":64}},"type":"binary-expr","locations":[{"start":{"line":81,"column":15},"end":{"line":81,"column":35}},{"start":{"line":81,"column":39},"end":{"line":81,"column":64}}],"line":81},"11":{"loc":{"start":{"line":92,"column":12},"end":{"line":117,"column":13}},"type":"if","locations":[{"start":{"line":92,"column":12},"end":{"line":117,"column":13}},{"start":{"line":108,"column":19},"end":{"line":117,"column":13}}],"line":92},"12":{"loc":{"start":{"line":95,"column":16},"end":{"line":107,"column":17}},"type":"if","locations":[{"start":{"line":95,"column":16},"end":{"line":107,"column":17}},{"start":{"line":104,"column":23},"end":{"line":107,"column":17}}],"line":95},"13":{"loc":{"start":{"line":141,"column":26},"end":{"line":168,"column":25}},"type":"cond-expr","locations":[{"start":{"line":142,"column":28},"end":{"line":156,"column":30}},{"start":{"line":158,"column":28},"end":{"line":167,"column":47}}],"line":141},"14":{"loc":{"start":{"line":165,"column":37},"end":{"line":165,"column":135}},"type":"cond-expr","locations":[{"start":{"line":165,"column":86},"end":{"line":165,"column":106}},{"start":{"line":165,"column":109},"end":{"line":165,"column":135}}],"line":165},"15":{"loc":{"start":{"line":165,"column":37},"end":{"line":165,"column":83}},"type":"binary-expr","locations":[{"start":{"line":165,"column":37},"end":{"line":165,"column":56}},{"start":{"line":165,"column":60},"end":{"line":165,"column":83}}],"line":165}},"s":{"0":1,"1":1,"2":2,"3":2,"4":2,"5":2,"6":2,"7":2,"8":0,"9":0,"10":0,"11":0,"12":0,"13":0,"14":0,"15":2,"16":0,"17":0,"18":0,"19":0,"20":0,"21":0,"22":0,"23":0,"24":0,"25":0,"26":0,"27":0,"28":0,"29":0,"30":0,"31":0,"32":0,"33":0,"34":0,"35":0,"36":0,"37":0,"38":0,"39":2,"40":0,"41":0,"42":0,"43":0,"44":0,"45":0,"46":0,"47":0,"48":0,"49":0,"50":0,"51":2,"52":0,"53":0,"54":0,"55":0,"56":1},"f":{"0":2,"1":2,"2":0,"3":0,"4":0,"5":0,"6":0,"7":0,"8":0},"b":{"0":[0,2],"1":[0,0],"2":[0,0],"3":[0,0],"4":[0,0],"5":[0,0],"6":[0,0],"7":[0,0],"8":[0,0],"9":[0,0],"10":[0,0],"11":[0,0],"12":[0,0],"13":[2,0],"14":[0,0],"15":[0,0]},"_coverageSchema":"1a1c01bbd47fc00a2c39e90264f33305004495a9","hash":"9d79770479c5966018c0852f4f5c94aa5e8747c4"}
,"/Users/ashwathama/Documents/PersonalWorkspace/Codes/ReactNative/Nine25_Test/isBusinessDay/src/screens/ViewOutputScreen.js": {"path":"/Users/ashwathama/Documents/PersonalWorkspace/Codes/ReactNative/Nine25_Test/isBusinessDay/src/screens/ViewOutputScreen.js","statementMap":{"0":{"start":{"line":7,"column":24},"end":{"line":7,"column":48}},"1":{"start":{"line":9,"column":25},"end":{"line":42,"column":1}},"2":{"start":{"line":10,"column":26},"end":{"line":10,"column":38}},"3":{"start":{"line":11,"column":4},"end":{"line":41,"column":5}},"4":{"start":{"line":29,"column":43},"end":{"line":29,"column":62}},"5":{"start":{"line":46,"column":15},"end":{"line":86,"column":2}}},"fnMap":{"0":{"name":"(anonymous_0)","decl":{"start":{"line":9,"column":25},"end":{"line":9,"column":26}},"loc":{"start":{"line":9,"column":50},"end":{"line":42,"column":1}},"line":9},"1":{"name":"(anonymous_1)","decl":{"start":{"line":29,"column":37},"end":{"line":29,"column":38}},"loc":{"start":{"line":29,"column":43},"end":{"line":29,"column":62}},"line":29}},"branchMap":{},"s":{"0":1,"1":1,"2":0,"3":0,"4":0,"5":1},"f":{"0":0,"1":0},"b":{},"_coverageSchema":"1a1c01bbd47fc00a2c39e90264f33305004495a9","hash":"bc9429241f4fc96775a231d471a4194dfba2a827"}
}
