TN:
SF:App.js
FN:8,(anonymous_0)
FNF:1
FNH:1
FNDA:1,(anonymous_0)
DA:8,1
DA:9,1
DA:20,1
LF:3
LH:3
BRDA:11,0,0,1
BRDA:11,0,1,1
BRF:2
BRH:2
end_of_record
TN:
SF:src/components/businessLogic.js
FN:8,(anonymous_0)
FN:30,(anonymous_1)
FN:52,(anonymous_2)
FN:71,(anonymous_3)
FN:85,(anonymous_4)
FN:97,(anonymous_5)
FN:99,(anonymous_6)
FNF:7
FNH:6
FNDA:3,(anonymous_0)
FNDA:3,(anonymous_1)
FNDA:2,(anonymous_2)
FNDA:2,(anonymous_3)
FNDA:2,(anonymous_4)
FNDA:1,(anonymous_5)
FNDA:0,(anonymous_6)
DA:5,1
DA:6,1
DA:8,1
DA:9,3
DA:10,3
DA:11,1
DA:13,2
DA:14,2
DA:15,1
DA:17,1
DA:18,0
DA:21,1
DA:23,2
DA:25,0
DA:26,0
DA:30,1
DA:31,3
DA:32,3
DA:33,1
DA:35,2
DA:36,2
DA:37,1
DA:39,1
DA:40,0
DA:43,1
DA:45,2
DA:47,0
DA:48,0
DA:52,1
DA:53,2
DA:54,2
DA:55,1
DA:57,1
DA:58,1
DA:60,1
DA:61,1
DA:63,1
DA:65,1
DA:67,0
DA:71,1
DA:72,2
DA:73,2
DA:74,1
DA:76,1
DA:77,1
DA:78,1
DA:79,1
DA:81,0
DA:85,1
DA:86,2
DA:87,2
DA:88,1
DA:90,1
DA:91,1
DA:92,1
DA:98,1
DA:100,0
DA:102,1
DA:104,0
DA:105,0
LF:60
LH:49
BRDA:10,0,0,1
BRDA:10,0,1,2
BRDA:14,1,0,1
BRDA:14,1,1,1
BRDA:17,2,0,0
BRDA:17,2,1,1
BRDA:32,3,0,1
BRDA:32,3,1,2
BRDA:36,4,0,1
BRDA:36,4,1,1
BRDA:39,5,0,0
BRDA:39,5,1,1
BRDA:54,6,0,1
BRDA:54,6,1,1
BRDA:58,7,0,1
BRDA:58,7,1,0
BRDA:61,8,0,1
BRDA:61,8,1,0
BRDA:73,9,0,1
BRDA:73,9,1,1
BRDA:87,10,0,1
BRDA:87,10,1,1
BRF:22
BRH:18
end_of_record
TN:
SF:src/constants/Colors.js
FNF:0
FNH:0
LF:0
LH:0
BRF:0
BRH:0
end_of_record
TN:
SF:src/navigation/AppNavigator.js
FN:11,(anonymous_0)
FN:13,(anonymous_1)
FN:20,(anonymous_2)
FN:31,(anonymous_3)
FNF:4
FNH:3
FNDA:1,(anonymous_0)
FNDA:1,(anonymous_1)
FNDA:1,(anonymous_2)
FNDA:0,(anonymous_3)
DA:9,1
DA:11,1
DA:13,1
DA:14,1
DA:20,1
DA:31,0
DA:42,1
LF:7
LH:6
BRF:0
BRH:0
end_of_record
TN:
SF:src/screens/EnterDateScreen.js
FN:13,(anonymous_0)
FN:19,(anonymous_1)
FN:30,(anonymous_2)
FN:44,(anonymous_3)
FN:52,(anonymous_4)
FN:89,(anonymous_5)
FN:148,(anonymous_6)
FN:159,(anonymous_7)
FN:174,(anonymous_8)
FNF:9
FNH:2
FNDA:2,(anonymous_0)
FNDA:2,(anonymous_1)
FNDA:0,(anonymous_2)
FNDA:0,(anonymous_3)
FNDA:0,(anonymous_4)
FNDA:0,(anonymous_5)
FNDA:0,(anonymous_6)
FNDA:0,(anonymous_7)
FNDA:0,(anonymous_8)
DA:11,1
DA:13,1
DA:14,2
DA:15,2
DA:16,2
DA:17,2
DA:19,2
DA:20,2
DA:21,0
DA:22,0
DA:31,0
DA:32,0
DA:33,0
DA:34,0
DA:40,0
DA:44,2
DA:45,0
DA:46,0
DA:47,0
DA:48,0
DA:49,0
DA:50,0
DA:51,0
DA:52,0
DA:53,0
DA:54,0
DA:55,0
DA:56,0
DA:57,0
DA:60,0
DA:61,0
DA:62,0
DA:66,0
DA:70,0
DA:71,0
DA:73,0
DA:81,0
DA:82,0
DA:85,0
DA:89,2
DA:90,0
DA:91,0
DA:92,0
DA:94,0
DA:95,0
DA:97,0
DA:106,0
DA:110,0
DA:118,0
DA:120,0
DA:121,0
DA:125,2
DA:150,0
DA:151,0
DA:159,0
DA:174,0
DA:195,1
LF:57
LH:12
BRDA:20,0,0,0
BRDA:20,0,1,2
BRDA:21,1,0,0
BRDA:21,1,1,0
BRDA:32,2,0,0
BRDA:32,2,1,0
BRDA:51,3,0,0
BRDA:51,3,1,0
BRDA:54,4,0,0
BRDA:54,4,1,0
BRDA:56,5,0,0
BRDA:56,5,1,0
BRDA:60,6,0,0
BRDA:60,6,1,0
BRDA:61,7,0,0
BRDA:61,7,1,0
BRDA:70,8,0,0
BRDA:70,8,1,0
BRDA:81,9,0,0
BRDA:81,9,1,0
BRDA:81,10,0,0
BRDA:81,10,1,0
BRDA:92,11,0,0
BRDA:92,11,1,0
BRDA:95,12,0,0
BRDA:95,12,1,0
BRDA:141,13,0,2
BRDA:141,13,1,0
BRDA:165,14,0,0
BRDA:165,14,1,0
BRDA:165,15,0,0
BRDA:165,15,1,0
BRF:32
BRH:2
end_of_record
TN:
SF:src/screens/ViewOutputScreen.js
FN:9,(anonymous_0)
FN:29,(anonymous_1)
FNF:2
FNH:0
FNDA:0,(anonymous_0)
FNDA:0,(anonymous_1)
DA:7,1
DA:9,1
DA:10,0
DA:11,0
DA:29,0
DA:46,1
LF:6
LH:3
BRF:0
BRH:0
end_of_record
